[02:27:36] [ServerMain/INFO]: [bootstrap] Running Java 21 (OpenJDK 64-Bit Server VM 21.0.6+7-Ubuntu-120.04.1; Ubuntu null) on Linux 6.5.0-1025-azure (amd64)
[02:27:36] [ServerMain/INFO]: [bootstrap] Loading Paper 1.21.1-57-master@b483da4 (2024-09-01T18:09:05Z) for Minecraft 1.21.1
[02:27:36] [ServerMain/INFO]: [PluginInitializerManager] Initializing plugins...
[02:27:36] [ServerMain/INFO]: [PluginInitializerManager] Initialized 0 plugins
[02:27:37] [Paper Plugin Remapper Thread - 0/INFO]: [ReobfServer] Remapping server...
[02:27:42] [ServerMain/INFO]: Environment: Environment[sessionHost=https://sessionserver.mojang.com, servicesHost=https://api.minecraftservices.com, name=PROD]
[02:27:43] [ServerMain/INFO]: Found new data pack file/bukkit, loading it automatically
[02:27:43] [ServerMain/INFO]: Found new data pack paper, loading it automatically
[02:27:44] [ServerMain/INFO]: No existing world data, creating new world
[02:27:45] [ServerMain/INFO]: Loaded 1290 recipes
[02:27:45] [ServerMain/INFO]: Loaded 1399 advancements
[02:27:46] [Server thread/INFO]: Starting minecraft server version 1.21.1
[02:27:46] [Server thread/INFO]: Loading properties
[02:27:46] [Server thread/INFO]: This server is running Paper version 1.21.1-57-master@b483da4 (2024-09-01T18:09:05Z) (Implementing API version 1.21.1-R0.1-SNAPSHOT)
[02:27:46] [Paper Plugin Remapper Thread - 0/INFO]: [ReobfServer] Done remapping server in 8945ms.
[02:27:46] [Server thread/INFO]: [spark] This server bundles the spark profiler. For more information please visit https://docs.papermc.io/paper/profiling
[02:27:46] [Server thread/INFO]: Server Ping Player Sample Count: 12
[02:27:46] [Server thread/INFO]: Using 4 threads for Netty based IO
[02:27:47] [Server thread/INFO]: [ChunkTaskScheduler] Chunk system is using 1 I/O threads, 1 worker threads, and population gen parallelism of 1 threads
[02:27:47] [Server thread/INFO]: Default game type: SURVIVAL
[02:27:47] [Server thread/INFO]: Generating keypair
[02:27:47] [Server thread/INFO]: Starting Minecraft server on *:25565
[02:27:47] [Server thread/INFO]: Using epoll channel type
[02:27:47] [Server thread/INFO]: Paper: Using libdeflate (Linux x86_64) compression from Velocity.
[02:27:47] [Server thread/INFO]: Paper: Using OpenSSL 1.1.x (Linux x86_64) cipher from Velocity.
[02:27:47] [Server thread/WARN]: **** SERVER IS RUNNING IN OFFLINE/INSECURE MODE!
[02:27:47] [Server thread/WARN]: The server will make no attempt to authenticate usernames. Beware.
[02:27:47] [Server thread/WARN]: While this makes the game possible to play without internet access, it also opens up the ability for hackers to connect with any username they choose.
[02:27:47] [Server thread/WARN]: To change this, set "online-mode" to "true" in the server.properties file.
[02:27:47] [Server thread/INFO]: Preparing level "world"
[02:27:58] [Server thread/INFO]: Preparing start region for dimension minecraft:overworld
[02:28:05] [Server thread/INFO]: Time elapsed: 6956 ms
[02:28:05] [Server thread/INFO]: Preparing start region for dimension minecraft:the_nether
[02:28:08] [Server thread/INFO]: Time elapsed: 2146 ms
[02:28:08] [Server thread/INFO]: Preparing start region for dimension minecraft:the_end
[02:28:08] [Server thread/INFO]: Time elapsed: 558 ms
[02:28:08] [Server thread/INFO]: [spark] Starting background profiler...
[02:28:08] [Server thread/INFO]: Done preparing level "world" (20.840s)
[02:28:08] [Server thread/INFO]: Running delayed init tasks
[02:28:08] [Server thread/INFO]: Done (33.549s)! For help, type "help"
[02:28:08] [Server thread/INFO]: *************************************************************************************
[02:28:08] [Server thread/INFO]: This is the first time you're starting this server.
[02:28:08] [Server thread/INFO]: It's recommended you read our 'Getting Started' documentation for guidance.
[02:28:08] [Server thread/INFO]: View this and more helpful information here: https://docs.papermc.io/paper/next-steps
[02:28:08] [Server thread/INFO]: *************************************************************************************
[02:28:08] [Server thread/INFO]: Timings Reset
[02:28:38] [User Authenticator #0/INFO]: UUID of player Termostato34 is a62bbb5f-22fb-364c-8ce6-21a51aa29739
[02:28:39] [Server thread/INFO]: Termostato34 joined the game
[02:28:39] [Server thread/INFO]: Termostato34[/10.147.20.50:58144] logged in with entity id 57 at ([world]8.5, 107.0, 19.5)
[02:28:55] [Server thread/INFO]: Termostato34 lost connection: Disconnected
[02:28:55] [Server thread/INFO]: Termostato34 left the game
